2022-06-07 13:18:03.540 [main] INFO  org.eclipse.jetty.util.log - Logging initialized @1702ms to org.eclipse.jetty.util.log.Slf4jLog
2022-06-07 13:18:03.636 [main] INFO  i.d.server.DefaultServerFactory - Registering jersey handler with root path prefix: /
2022-06-07 13:18:03.637 [main] INFO  i.d.server.DefaultServerFactory - Registering admin handler with root path prefix: /
2022-06-07 13:18:04.472 [main] INFO  io.dropwizard.assets.AssetsBundle - Registering AssetBundle with name: assets for path /maps/*
2022-06-07 13:18:04.474 [main] INFO  io.dropwizard.assets.AssetsBundle - Registering AssetBundle with name: webjars for path /webjars/*
2022-06-07 13:18:04.482 [main] INFO  io.dropwizard.server.ServerFactory - Starting GraphHopperApplication
                        _     _
   __ _ _ __ __ _ _ __ | |__ | |__   ___  _ __  _ __   ___ _ __
  / _` | '__/ _` | '_ \| '_ \| '_ \ / _ \| '_ \| '_ \ / _ \ '__|
 | (_| | | | (_| | |_) | | | | | | | (_) | |_) | |_) |  __/ |
  \__, |_|  \__,_| .__/|_| |_|_| |_|\___/| .__/| .__/ \___|_|
  |___/          |_|                     |_|   |_|
2022-06-07 13:18:04.634 [main] INFO  o.e.jetty.setuid.SetUIDListener - Opened application@7668d560{HTTP/1.1, (http/1.1)}{localhost:8989}
2022-06-07 13:18:04.634 [main] INFO  o.e.jetty.setuid.SetUIDListener - Opened admin@46292372{HTTP/1.1, (http/1.1)}{localhost:8990}
2022-06-07 13:18:04.639 [main] INFO  org.eclipse.jetty.server.Server - jetty-9.4.39.v20210325; built: 2021-03-25T14:42:11.471Z; git: 9fc7ca5a922f2a37b84ec9dbc26a5168cee7e667; jvm 1.8.0_301-b09
2022-06-07 13:18:04.674 [main] INFO  com.graphhopper.GraphHopper - version 5.1|2022-04-20T21:21:15Z (9,21,6,5,6,8)
2022-06-07 13:18:04.688 [main] INFO  com.graphhopper.GraphHopper - graph motorcycle,car,foot,bike|RAM_STORE|2D|no_turn_cost|nodes:9,edges:21,geometry:6,location_index:5,string_index:6,nodesCH:0,shortcuts:8, details:edges: 0(0MB), nodes: 0(0MB), bounds: 1.7976931348623157E308,-1.7976931348623157E308,1.7976931348623157E308,-1.7976931348623157E308, name:(0MB), geo:0(0MB)
2022-06-07 13:18:04.905 [main] INFO  com.graphhopper.GraphHopper - No custom areas are used, custom_areas.directory not given
2022-06-07 13:18:04.933 [main] INFO  com.graphhopper.GraphHopper - start creating graph from graphhopper/map1.osm
2022-06-07 13:18:04.953 [main] INFO  com.graphhopper.GraphHopper - using motorcycle,car,foot,bike|RAM_STORE|2D|no_turn_cost|nodes:9,edges:21,geometry:6,location_index:5,string_index:6,nodesCH:0,shortcuts:8, memory:totalMB:112, usedMB:45
2022-06-07 13:18:04.975 [main] INFO  c.g.reader.osm.WaySegmentParser - Start reading OSM file: 'graphhopper\map1.osm'
2022-06-07 13:18:04.975 [main] INFO  c.g.reader.osm.WaySegmentParser - pass1 - start
2022-06-07 13:18:05.331 [main] INFO  c.g.reader.osm.WaySegmentParser - pass1 - start reading OSM ways
2022-06-07 13:18:05.473 [main] INFO  c.g.reader.osm.WaySegmentParser - pass1 - start reading OSM relations
2022-06-07 13:18:05.473 [main] INFO  c.g.reader.osm.WaySegmentParser - pass1 - processed relations: 0, totalMB:130, usedMB:65
2022-06-07 13:18:05.532 [main] INFO  c.g.reader.osm.WaySegmentParser - pass1 - finished, processed ways: 8 989, accepted ways: 4 750, way nodes: 16 517, relations: 202, totalMB:130, usedMB:69
2022-06-07 13:18:05.535 [main] INFO  c.g.reader.osm.WaySegmentParser - pass1 - finished, took: 555.04ms
2022-06-07 13:18:05.535 [main] INFO  c.g.reader.osm.WaySegmentParser - Creating graph. Node count (pillar+tower): 16517, totalMB:130, usedMB:69
2022-06-07 13:18:05.535 [main] INFO  c.g.reader.osm.WaySegmentParser - pass2 - start
2022-06-07 13:18:05.541 [main] INFO  c.g.reader.osm.WaySegmentParser - pass2 - start reading OSM nodes
2022-06-07 13:18:05.541 [main] INFO  c.g.reader.osm.WaySegmentParser - pass2 - processed nodes: 0, accepted nodes: 0, totalMB:130, usedMB:69
2022-06-07 13:18:05.810 [main] INFO  c.g.reader.osm.WaySegmentParser - pass2 - start reading OSM ways
2022-06-07 13:18:05.811 [main] INFO  c.g.reader.osm.WaySegmentParser - pass2 - processed ways: 0, totalMB:144, usedMB:34
2022-06-07 13:18:06.485 [main] INFO  c.g.reader.osm.WaySegmentParser - pass2 - start reading OSM relations
2022-06-07 13:18:06.503 [main] INFO  c.g.reader.osm.WaySegmentParser - pass2 - finished, processed ways: 8 987, way nodes: 16 517, with tags: 71, ignored barriers at junctions: 3
2022-06-07 13:18:06.503 [main] INFO  c.g.reader.osm.WaySegmentParser - pass2 - finished, took: 967.96ms
2022-06-07 13:18:06.504 [main] INFO  c.g.reader.osm.WaySegmentParser - Finished reading OSM file. pass1: 0s,  pass2: 0s,  total: 1s
2022-06-07 13:18:06.504 [main] INFO  com.graphhopper.reader.osm.OSMReader - Finished reading OSM file: E:\NC\Project\Important\project_aDung\graphhopper\map1.osm, nodes: 7 867, edges: 10 330, zero distance edges: 71
2022-06-07 13:18:06.507 [main] INFO  c.g.r.s.PrepareRoutingSubnetworks - Start marking subnetworks, prepare.min_network_size: 200, nodes: 7 867, edges: 10 330, jobs: [foot_subnetwork|fastest|foot, bike_subnetwork|fastest|bike, motorcycle_subnetwork|fastest|motorcycle, car_subnetwork|fastest|car], totalMB:144, usedMB:26
2022-06-07 13:18:06.615 [main] INFO  c.g.r.s.PrepareRoutingSubnetworks - foot - Found 83 subnetworks (60 single edges and 23 components with more than one edge, total nodes: 20660), took: 0.108112894s
2022-06-07 13:18:06.619 [main] INFO  c.g.r.s.PrepareRoutingSubnetworks - foot - Marked 82 subnetworks (biggest: 80 edges) -> 1 components(s) remain (smallest: 20376, biggest: 20376 edges), total marked edges: 112, took: 0.0038439s
2022-06-07 13:18:06.660 [main] INFO  c.g.r.s.PrepareRoutingSubnetworks - bike - Found 2038 subnetworks (2007 single edges and 31 components with more than one edge, total nodes: 20660), took: 0.040892s
2022-06-07 13:18:06.663 [main] INFO  c.g.r.s.PrepareRoutingSubnetworks - bike - Marked 2037 subnetworks (biggest: 80 edges) -> 1 components(s) remain (smallest: 18410, biggest: 18410 edges), total marked edges: 190, took: 0.0027784s
2022-06-07 13:18:06.711 [main] INFO  c.g.r.s.PrepareRoutingSubnetworks - motorcycle - Found 3301 subnetworks (3271 single edges and 30 components with more than one edge, total nodes: 20660), took: 0.0475565s
2022-06-07 13:18:06.712 [main] INFO  c.g.r.s.PrepareRoutingSubnetworks - motorcycle - Marked 3300 subnetworks (biggest: 52 edges) -> 1 components(s) remain (smallest: 17252, biggest: 17252 edges), total marked edges: 166, took: 0.0013803s
2022-06-07 13:18:06.753 [main] INFO  c.g.r.s.PrepareRoutingSubnetworks - car - Found 5860 subnetworks (5700 single edges and 160 components with more than one edge, total nodes: 20660), took: 0.0402619s
2022-06-07 13:18:06.759 [main] INFO  c.g.r.s.PrepareRoutingSubnetworks - car - Marked 5859 subnetworks (biggest: 98 edges) -> 1 components(s) remain (smallest: 13999, biggest: 13999 edges), total marked edges: 601, took: 0.0055774s
2022-06-07 13:18:06.759 [main] INFO  c.g.r.s.PrepareRoutingSubnetworks - Finished finding and marking subnetworks for 4 jobs, took: 0.25302s, totalMB:144, usedMB:33
2022-06-07 13:18:06.761 [main] INFO  com.graphhopper.GraphHopper - nodes: 7 867, edges: 10 330
2022-06-07 13:18:06.816 [main] INFO  c.g.storage.index.LocationIndexTree - location index created in 0.0499142s, size:11 946, leafs:163, precision:300, depth:3, checksum:14049, entries:[16, 4, 4], entriesPerLeaf:73.288345
2022-06-07 13:18:06.829 [main] INFO  c.g.routing.ch.CHPreparationHandler - Creating CH preparations, totalMB:144, usedMB:38
2022-06-07 13:18:06.843 [main] INFO  c.g.routing.ch.CHPreparationHandler - 1/4 calling CH prepare.doWork for profile 'foot' NODE_BASED ... (totalMB:144, usedMB:46)
2022-06-07 13:18:06.845 [main] INFO  c.g.routing.ch.CHPreparationHandler - 2/4 calling CH prepare.doWork for profile 'bike' NODE_BASED ... (totalMB:144, usedMB:46)
2022-06-07 13:18:06.845 [main] INFO  c.g.routing.ch.CHPreparationHandler - 3/4 calling CH prepare.doWork for profile 'motorcycle' NODE_BASED ... (totalMB:144, usedMB:46)
2022-06-07 13:18:06.845 [main] INFO  c.g.routing.ch.CHPreparationHandler - 4/4 calling CH prepare.doWork for profile 'car' NODE_BASED ... (totalMB:144, usedMB:46)
2022-06-07 13:18:06.850 [foot] INFO  c.g.r.c.PrepareContractionHierarchies - Creating CH prepare graph, totalMB:144, usedMB:47
2022-06-07 13:18:06.861 [foot] INFO  c.g.r.c.PrepareContractionHierarchies - Building CH prepare graph, totalMB:144, usedMB:47
2022-06-07 13:18:06.875 [foot] INFO  c.g.r.c.PrepareContractionHierarchies - Finished building CH prepare graph, took: 0.0131817s, totalMB:144, usedMB:47
2022-06-07 13:18:06.879 [foot] INFO  c.g.r.c.PrepareContractionHierarchies - Building initial queue of nodes to be contracted: 7867 nodes, totalMB:144, usedMB:48
2022-06-07 13:18:06.974 [foot] INFO  c.g.r.c.PrepareContractionHierarchies - Finished building queue, took: 0.095463s, totalMB:144, usedMB:49
2022-06-07 13:18:06.978 [foot] INFO  c.g.r.c.PrepareContractionHierarchies - node, nodes:      7 867, shortcuts:          0, updates:  0, checked-nodes:          0, t(total):   0.13,  t(period):   0.10, t(lazy):   0.00, t(neighbor):   0.00, t(contr):   0.00, t(other) :   0.03, dijkstra-ratio:  45.72%, meanDegree: 1.31, dijkstras:     39 872, mem:        0MB, totalMB:144, usedMB:49
2022-06-07 13:18:07.042 [foot] INFO  c.g.r.c.PrepareContractionHierarchies - node, nodes:      6 300, shortcuts:         26, updates:  0, checked-nodes:      1 573, t(total):   0.19,  t(period):   0.10, t(lazy):   0.01, t(neighbor):   0.03, t(contr):   0.02, t(other) :   0.04, dijkstra-ratio:  40.69%, meanDegree: 1.00, dijkstras:     46 826, mem:        0MB, totalMB:144, usedMB:49
2022-06-07 13:18:07.118 [foot] INFO  c.g.r.c.PrepareContractionHierarchies - node, nodes:      4 727, shortcuts:        126, updates:  0, checked-nodes:      3 146, t(total):   0.27,  t(period):   0.10, t(lazy):   0.02, t(neighbor):   0.07, t(contr):   0.04, t(other) :   0.05, dijkstra-ratio:  38.28%, meanDegree: 2.01, dijkstras:     58 224, mem:        0MB, totalMB:144, usedMB:50
2022-06-07 13:18:07.178 [foot] INFO  c.g.r.c.PrepareContractionHierarchies - node, nodes:      3 163, shortcuts:        778, updates:  0, checked-nodes:      4 719, t(total):   0.33,  t(period):   0.10, t(lazy):   0.03, t(neighbor):   0.09, t(contr):   0.05, t(other) :   0.06, dijkstra-ratio:  37.75%, meanDegree: 2.33, dijkstras:     82 407, mem:        0MB, totalMB:144, usedMB:51
2022-06-07 13:18:07.280 [foot] INFO  c.g.r.c.PrepareContractionHierarchies - node, nodes:      1 705, shortcuts:      2 647, updates:  0, checked-nodes:      6 292, t(total):   0.43,  t(period):   0.10, t(lazy):   0.04, t(neighbor):   0.14, t(contr):   0.09, t(other) :   0.06, dijkstra-ratio:  43.70%, meanDegree: 3.11, dijkstras:    125 176, mem:        0MB, totalMB:144, usedMB:52
2022-06-07 13:18:07.362 [foot] INFO  c.g.r.c.PrepareContractionHierarchies - node, nodes:        339, shortcuts:      6 166, updates:  0, checked-nodes:      7 865, t(total):   0.51,  t(period):   0.10, t(lazy):   0.06, t(neighbor):   0.17, t(contr):   0.12, t(other) :   0.07, dijkstra-ratio:  46.30%, meanDegree: 4.33, dijkstras:    199 112, mem:        0MB, totalMB:144, usedMB:53
2022-06-07 13:18:07.411 [foot] INFO  c.g.r.c.PrepareContractionHierarchies - node, nodes:          0, shortcuts:      7 872, updates:  0, checked-nodes:      8 267, t(total):   0.56,  t(period):   0.10, t(lazy):   0.07, t(neighbor):   0.19, t(contr):   0.13, t(other) :   0.08, dijkstra-ratio:  48.02%, meanDegree: 1.33, dijkstras:    244 760, mem:        0MB, totalMB:144, usedMB:53
2022-06-07 13:18:07.412 [foot] INFO  c.g.r.c.PrepareContractionHierarchies - new shortcuts: 7 872, initSize:7 867, fastest|foot, periodic:0, lazy:100, neighbor:100, t(total):   0.56,  t(period):   0.10, t(lazy):   0.07, t(neighbor):   0.19, t(contr):   0.13, t(other) :   0.08, dijkstra-ratio:  47.97%, lazy-overhead: 5%, totalMB:144, usedMB:53
2022-06-07 13:18:07.412 [foot] INFO  c.g.r.c.PrepareContractionHierarchies - shortcuts that exceed maximum weight: 0
2022-06-07 13:18:07.412 [foot] INFO  c.g.r.c.PrepareContractionHierarchies - took: 0s, graph now - num edges: 10 330, num nodes: 7 867, num shortcuts: 7 872
2022-06-07 13:18:07.433 [bike] INFO  c.g.r.c.PrepareContractionHierarchies - Creating CH prepare graph, totalMB:144, usedMB:56
2022-06-07 13:18:07.434 [bike] INFO  c.g.r.c.PrepareContractionHierarchies - Building CH prepare graph, totalMB:144, usedMB:56
2022-06-07 13:18:07.458 [bike] INFO  c.g.r.c.PrepareContractionHierarchies - Finished building CH prepare graph, took: 0.0245615s, totalMB:144, usedMB:56
2022-06-07 13:18:07.461 [bike] INFO  c.g.r.c.PrepareContractionHierarchies - Building initial queue of nodes to be contracted: 7867 nodes, totalMB:144, usedMB:56
2022-06-07 13:18:07.481 [bike] INFO  c.g.r.c.PrepareContractionHierarchies - Finished building queue, took: 0.0198901s, totalMB:144, usedMB:57
2022-06-07 13:18:07.481 [bike] INFO  c.g.r.c.PrepareContractionHierarchies - node, nodes:      7 867, shortcuts:          0, updates:  0, checked-nodes:          0, t(total):   0.05,  t(period):   0.02, t(lazy):   0.00, t(neighbor):   0.00, t(contr):   0.00, t(other) :   0.03, dijkstra-ratio:  26.54%, meanDegree: 1.31, dijkstras:     34 028, mem:        0MB, totalMB:144, usedMB:57
2022-06-07 13:18:07.501 [bike] INFO  c.g.r.c.PrepareContractionHierarchies - node, nodes:      6 303, shortcuts:         32, updates:  0, checked-nodes:      1 573, t(total):   0.07,  t(period):   0.02, t(lazy):   0.00, t(neighbor):   0.01, t(contr):   0.01, t(other) :   0.03, dijkstra-ratio:  26.23%, meanDegree: 1.09, dijkstras:     40 567, mem:        0MB, totalMB:144, usedMB:57
2022-06-07 13:18:07.521 [bike] INFO  c.g.r.c.PrepareContractionHierarchies - node, nodes:      4 732, shortcuts:        147, updates:  0, checked-nodes:      3 146, t(total):   0.09,  t(period):   0.02, t(lazy):   0.00, t(neighbor):   0.01, t(contr):   0.01, t(other) :   0.04, dijkstra-ratio:  28.70%, meanDegree: 1.80, dijkstras:     51 633, mem:        0MB, totalMB:144, usedMB:58
2022-06-07 13:18:07.562 [bike] INFO  c.g.r.c.PrepareContractionHierarchies - node, nodes:      3 182, shortcuts:      1 028, updates:  0, checked-nodes:      4 719, t(total):   0.13,  t(period):   0.02, t(lazy):   0.01, t(neighbor):   0.03, t(contr):   0.02, t(other) :   0.05, dijkstra-ratio:  34.97%, meanDegree: 2.77, dijkstras:     74 491, mem:        0MB, totalMB:144, usedMB:59
2022-06-07 13:18:07.601 [bike] INFO  c.g.r.c.PrepareContractionHierarchies - node, nodes:      1 740, shortcuts:      2 735, updates:  0, checked-nodes:      6 292, t(total):   0.17,  t(period):   0.02, t(lazy):   0.02, t(neighbor):   0.04, t(contr):   0.03, t(other) :   0.05, dijkstra-ratio:  38.15%, meanDegree: 2.17, dijkstras:    101 681, mem:        0MB, totalMB:144, usedMB:59
2022-06-07 13:18:07.663 [bike] INFO  c.g.r.c.PrepareContractionHierarchies - node, nodes:        402, shortcuts:      6 317, updates:  0, checked-nodes:      7 865, t(total):   0.23,  t(period):   0.02, t(lazy):   0.03, t(neighbor):   0.07, t(contr):   0.05, t(other) :   0.06, dijkstra-ratio:  43.75%, meanDegree: 2.85, dijkstras:    148 559, mem:        0MB, totalMB:144, usedMB:60
2022-06-07 13:18:07.707 [bike] INFO  c.g.r.c.PrepareContractionHierarchies - node, nodes:          0, shortcuts:      9 146, updates:  0, checked-nodes:      8 387, t(total):   0.27,  t(period):   0.02, t(lazy):   0.04, t(neighbor):   0.09, t(contr):   0.06, t(other) :   0.07, dijkstra-ratio:  47.55%, meanDegree: 1.18, dijkstras:    191 195, mem:        0MB, totalMB:144, usedMB:61
2022-06-07 13:18:07.707 [bike] INFO  c.g.r.c.PrepareContractionHierarchies - new shortcuts: 9 146, initSize:7 867, fastest|bike, periodic:0, lazy:100, neighbor:100, t(total):   0.27,  t(period):   0.02, t(lazy):   0.04, t(neighbor):   0.09, t(contr):   0.06, t(other) :   0.07, dijkstra-ratio:  47.45%, lazy-overhead: 6%, totalMB:144, usedMB:61
2022-06-07 13:18:07.708 [bike] INFO  c.g.r.c.PrepareContractionHierarchies - shortcuts that exceed maximum weight: 0
2022-06-07 13:18:07.708 [bike] INFO  c.g.r.c.PrepareContractionHierarchies - took: 0s, graph now - num edges: 10 330, num nodes: 7 867, num shortcuts: 9 146
2022-06-07 13:18:07.724 [motorcycle] INFO  c.g.r.c.PrepareContractionHierarchies - Creating CH prepare graph, totalMB:144, usedMB:63
2022-06-07 13:18:07.724 [motorcycle] INFO  c.g.r.c.PrepareContractionHierarchies - Building CH prepare graph, totalMB:144, usedMB:63
2022-06-07 13:18:07.736 [motorcycle] INFO  c.g.r.c.PrepareContractionHierarchies - Finished building CH prepare graph, took: 0.0122317s, totalMB:144, usedMB:64
2022-06-07 13:18:07.738 [motorcycle] INFO  c.g.r.c.PrepareContractionHierarchies - Building initial queue of nodes to be contracted: 7867 nodes, totalMB:144, usedMB:64
2022-06-07 13:18:07.771 [motorcycle] INFO  c.g.r.c.PrepareContractionHierarchies - Finished building queue, took: 0.0337921s, totalMB:144, usedMB:64
2022-06-07 13:18:07.779 [motorcycle] INFO  c.g.r.c.PrepareContractionHierarchies - node, nodes:      7 867, shortcuts:          0, updates:  0, checked-nodes:          0, t(total):   0.05,  t(period):   0.03, t(lazy):   0.00, t(neighbor):   0.00, t(contr):   0.00, t(other) :   0.02, dijkstra-ratio:  41.13%, meanDegree: 1.31, dijkstras:     31 303, mem:        0MB, totalMB:144, usedMB:64
2022-06-07 13:18:07.792 [motorcycle] INFO  c.g.r.c.PrepareContractionHierarchies - node, nodes:      6 299, shortcuts:         22, updates:  0, checked-nodes:      1 573, t(total):   0.07,  t(period):   0.03, t(lazy):   0.00, t(neighbor):   0.00, t(contr):   0.00, t(other) :   0.02, dijkstra-ratio:  37.53%, meanDegree: 1.15, dijkstras:     37 194, mem:        0MB, totalMB:144, usedMB:64
2022-06-07 13:18:07.814 [motorcycle] INFO  c.g.r.c.PrepareContractionHierarchies - node, nodes:      4 726, shortcuts:        200, updates:  0, checked-nodes:      3 146, t(total):   0.09,  t(period):   0.03, t(lazy):   0.00, t(neighbor):   0.01, t(contr):   0.01, t(other) :   0.03, dijkstra-ratio:  38.82%, meanDegree: 2.00, dijkstras:     49 344, mem:        0MB, totalMB:144, usedMB:65
2022-06-07 13:18:07.857 [motorcycle] INFO  c.g.r.c.PrepareContractionHierarchies - node, nodes:      3 185, shortcuts:      1 326, updates:  0, checked-nodes:      4 719, t(total):   0.13,  t(period):   0.03, t(lazy):   0.01, t(neighbor):   0.03, t(contr):   0.02, t(other) :   0.03, dijkstra-ratio:  47.27%, meanDegree: 2.52, dijkstras:     74 743, mem:        0MB, totalMB:144, usedMB:66
2022-06-07 13:18:07.892 [motorcycle] INFO  c.g.r.c.PrepareContractionHierarchies - node, nodes:      1 732, shortcuts:      2 914, updates:  0, checked-nodes:      6 292, t(total):   0.17,  t(period):   0.03, t(lazy):   0.02, t(neighbor):   0.04, t(contr):   0.04, t(other) :   0.04, dijkstra-ratio:  50.77%, meanDegree: 2.61, dijkstras:     96 830, mem:        0MB, totalMB:144, usedMB:67
2022-06-07 13:18:07.939 [motorcycle] INFO  c.g.r.c.PrepareContractionHierarchies - node, nodes:        324, shortcuts:      5 710, updates:  0, checked-nodes:      7 865, t(total):   0.21,  t(period):   0.03, t(lazy):   0.03, t(neighbor):   0.06, t(contr):   0.06, t(other) :   0.04, dijkstra-ratio:  55.77%, meanDegree: 3.60, dijkstras:    129 780, mem:        0MB, totalMB:144, usedMB:68
2022-06-07 13:18:07.957 [motorcycle] INFO  c.g.r.c.PrepareContractionHierarchies - node, nodes:          0, shortcuts:      7 232, updates:  0, checked-nodes:      8 235, t(total):   0.23,  t(period):   0.03, t(lazy):   0.03, t(neighbor):   0.07, t(contr):   0.06, t(other) :   0.04, dijkstra-ratio:  55.81%, meanDegree: 1.16, dijkstras:    143 034, mem:        0MB, totalMB:144, usedMB:68
2022-06-07 13:18:07.957 [motorcycle] INFO  c.g.r.c.PrepareContractionHierarchies - new shortcuts: 7 232, initSize:7 867, fastest|motorcycle, periodic:0, lazy:100, neighbor:100, t(total):   0.23,  t(period):   0.03, t(lazy):   0.03, t(neighbor):   0.07, t(contr):   0.06, t(other) :   0.05, dijkstra-ratio:  55.60%, lazy-overhead: 4%, totalMB:144, usedMB:68
2022-06-07 13:18:07.958 [motorcycle] INFO  c.g.r.c.PrepareContractionHierarchies - shortcuts that exceed maximum weight: 0
2022-06-07 13:18:07.958 [motorcycle] INFO  c.g.r.c.PrepareContractionHierarchies - took: 0s, graph now - num edges: 10 330, num nodes: 7 867, num shortcuts: 7 232
2022-06-07 13:18:07.974 [car] INFO  c.g.r.c.PrepareContractionHierarchies - Creating CH prepare graph, totalMB:144, usedMB:71
2022-06-07 13:18:07.974 [car] INFO  c.g.r.c.PrepareContractionHierarchies - Building CH prepare graph, totalMB:144, usedMB:71
2022-06-07 13:18:08.014 [car] INFO  c.g.r.c.PrepareContractionHierarchies - Finished building CH prepare graph, took: 0.0392095s, totalMB:144, usedMB:71
2022-06-07 13:18:08.020 [car] INFO  c.g.r.c.PrepareContractionHierarchies - Building initial queue of nodes to be contracted: 7867 nodes, totalMB:144, usedMB:71
2022-06-07 13:18:08.036 [car] INFO  c.g.r.c.PrepareContractionHierarchies - Finished building queue, took: 0.0162517s, totalMB:144, usedMB:71
2022-06-07 13:18:08.039 [car] INFO  c.g.r.c.PrepareContractionHierarchies - node, nodes:      7 867, shortcuts:          0, updates:  0, checked-nodes:          0, t(total):   0.06,  t(period):   0.02, t(lazy):   0.00, t(neighbor):   0.00, t(contr):   0.00, t(other) :   0.05, dijkstra-ratio:  13.99%, meanDegree: 1.31, dijkstras:     25 152, mem:        0MB, totalMB:144, usedMB:71
2022-06-07 13:18:08.047 [car] INFO  c.g.r.c.PrepareContractionHierarchies - node, nodes:      6 299, shortcuts:         14, updates:  0, checked-nodes:      1 573, t(total):   0.07,  t(period):   0.02, t(lazy):   0.00, t(neighbor):   0.00, t(contr):   0.00, t(other) :   0.05, dijkstra-ratio:  16.74%, meanDegree: 1.00, dijkstras:     30 092, mem:        0MB, totalMB:144, usedMB:72
2022-06-07 13:18:08.062 [car] INFO  c.g.r.c.PrepareContractionHierarchies - node, nodes:      4 727, shortcuts:        176, updates:  0, checked-nodes:      3 146, t(total):   0.09,  t(period):   0.02, t(lazy):   0.00, t(neighbor):   0.01, t(contr):   0.01, t(other) :   0.05, dijkstra-ratio:  20.78%, meanDegree: 2.00, dijkstras:     40 230, mem:        0MB, totalMB:144, usedMB:72
2022-06-07 13:18:08.089 [car] INFO  c.g.r.c.PrepareContractionHierarchies - node, nodes:      3 175, shortcuts:      1 402, updates:  0, checked-nodes:      4 719, t(total):   0.11,  t(period):   0.02, t(lazy):   0.01, t(neighbor):   0.02, t(contr):   0.01, t(other) :   0.06, dijkstra-ratio:  30.30%, meanDegree: 1.29, dijkstras:     61 739, mem:        0MB, totalMB:144, usedMB:73
2022-06-07 13:18:08.109 [car] INFO  c.g.r.c.PrepareContractionHierarchies - node, nodes:      1 722, shortcuts:      2 832, updates:  0, checked-nodes:      6 292, t(total):   0.13,  t(period):   0.02, t(lazy):   0.01, t(neighbor):   0.03, t(contr):   0.02, t(other) :   0.06, dijkstra-ratio:  33.52%, meanDegree: 0.00, dijkstras:     79 425, mem:        0MB, totalMB:144, usedMB:73
2022-06-07 13:18:08.138 [car] INFO  c.g.r.c.PrepareContractionHierarchies - node, nodes:        275, shortcuts:      4 649, updates:  0, checked-nodes:      7 865, t(total):   0.16,  t(period):   0.02, t(lazy):   0.02, t(neighbor):   0.04, t(contr):   0.03, t(other) :   0.07, dijkstra-ratio:  37.47%, meanDegree: 2.86, dijkstras:     98 366, mem:        0MB, totalMB:144, usedMB:74
2022-06-07 13:18:08.152 [car] INFO  c.g.r.c.PrepareContractionHierarchies - node, nodes:          0, shortcuts:      6 138, updates:  0, checked-nodes:      8 203, t(total):   0.18,  t(period):   0.02, t(lazy):   0.02, t(neighbor):   0.04, t(contr):   0.03, t(other) :   0.07, dijkstra-ratio:  38.85%, meanDegree: 1.20, dijkstras:    112 067, mem:        0MB, totalMB:144, usedMB:74
2022-06-07 13:18:08.154 [car] INFO  c.g.r.c.PrepareContractionHierarchies - new shortcuts: 6 138, initSize:7 867, fastest|car, periodic:0, lazy:100, neighbor:100, t(total):   0.18,  t(period):   0.02, t(lazy):   0.02, t(neighbor):   0.04, t(contr):   0.03, t(other) :   0.07, dijkstra-ratio:  38.65%, lazy-overhead: 4%, totalMB:144, usedMB:74
2022-06-07 13:18:08.155 [car] INFO  c.g.r.c.PrepareContractionHierarchies - shortcuts that exceed maximum weight: 0
2022-06-07 13:18:08.155 [car] INFO  c.g.r.c.PrepareContractionHierarchies - took: 0s, graph now - num edges: 10 330, num nodes: 7 867, num shortcuts: 6 138
2022-06-07 13:18:08.170 [main] INFO  c.g.routing.ch.CHPreparationHandler - Finished CH preparation, totalMB:144, usedMB:76
2022-06-07 13:18:08.173 [main] INFO  com.graphhopper.GraphHopper - flushing graph motorcycle,car,foot,bike|RAM_STORE|2D|no_turn_cost|nodes:9,edges:21,geometry:6,location_index:5,string_index:6,nodesCH:0,shortcuts:8, details:edges: 10 330(1MB), nodes: 7 867(1MB), bounds: 105.7596513,105.8172094,21.0105679,21.0833545, name:(2MB), geo:11 728(1MB), totalMB:144, usedMB:76)
2022-06-07 13:18:08.209 [main] INFO  com.graphhopper.GraphHopper - flushed graph totalMB:144, usedMB:78)
2022-06-07 13:18:08.211 [main] INFO  c.g.http.GraphHopperManaged - loaded graph at:graph-cache, data_reader_file:graphhopper/map1.osm, encoded values:foot_subnetwork|version=915486150|bits=1|min_value=0|negate_reverse_directionfalse|index=0|shift=0|store_both_directions=false,bike_subnetwork|version=-853780105|bits=1|min_value=0|negate_reverse_directionfalse|index=0|shift=1|store_both_directions=false,motorcycle_subnetwork|version=-2024953916|bits=1|min_value=0|negate_reverse_directionfalse|index=0|shift=2|store_both_directions=false,car_subnetwork|version=-348203358|bits=1|min_value=0|negate_reverse_directionfalse|index=0|shift=3|store_both_directions=false,roundabout|version=-959447373|bits=1|min_value=0|negate_reverse_directionfalse|index=0|shift=4|store_both_directions=false,road_class|version=986054785|bits=5|min_value=0|negate_reverse_directionfalse|index=0|shift=5|store_both_directions=false,road_class_link|version=53244476|bits=1|min_value=0|negate_reverse_directionfalse|index=0|shift=10|store_both_directions=false,road_environment|version=-2136806891|bits=3|min_value=0|negate_reverse_directionfalse|index=0|shift=11|store_both_directions=false,max_speed|version=-497245907|bits=5|min_value=0|negate_reverse_directionfalse|index=0|shift=14|store_both_directions=true,road_access|version=-705885881|bits=4|min_value=0|negate_reverse_directionfalse|index=0|shift=24|store_both_directions=false,foot_network|version=621415439|bits=3|min_value=0|negate_reverse_directionfalse|index=0|shift=28|store_both_directions=false,bike_network|version=596370764|bits=3|min_value=0|negate_reverse_directionfalse|index=1|shift=0|store_both_directions=false,get_off_bike|version=-1094139710|bits=1|min_value=0|negate_reverse_directionfalse|index=1|shift=3|store_both_directions=false,smoothness|version=-1631923961|bits=4|min_value=0|negate_reverse_directionfalse|index=1|shift=4|store_both_directions=false, 3 ints for edge flags, edges: 10 330(1MB), nodes: 7 867(1MB), bounds: 105.7596513,105.8172094,21.0105679,21.0833545, name:(2MB), geo:11 728(1MB)
2022-06-07 13:18:08.798 [main] WARN  o.g.jersey.internal.inject.Providers - A provider com.codahale.metrics.health.HealthCheckRegistry registered in SERVER runtime does not implement any provider interfaces applicable in the SERVER runtime. Due to constraint configuration problems the provider com.codahale.metrics.health.HealthCheckRegistry will be ignored. 
2022-06-07 13:18:09.014 [main] INFO  i.d.jersey.DropwizardResourceConfig - The following paths were found for the configured resources:

    GET     / (com.graphhopper.application.resources.RootResource)
    GET     /health (com.graphhopper.resources.HealthCheckResource)
    GET     /i18n (com.graphhopper.resources.I18NResource)
    GET     /i18n/{locale} (com.graphhopper.resources.I18NResource)
    GET     /info (com.graphhopper.resources.InfoResource)
    GET     /isochrone (com.graphhopper.resources.IsochroneResource)
    POST    /match (com.graphhopper.resources.MapMatchingResource)
    GET     /mvt/{z}/{x}/{y}.mvt (com.graphhopper.resources.MVTResource)
    GET     /navigate/directions/v5/gh/{profile}/{coordinatesArray : .+} (com.graphhopper.navigation.NavigateResource)
    GET     /nearest (com.graphhopper.resources.NearestResource)
    GET     /route (com.graphhopper.resources.RouteResource)
    POST    /route (com.graphhopper.resources.RouteResource)
    GET     /spt (com.graphhopper.resources.SPTResource)

2022-06-07 13:18:09.018 [main] INFO  o.e.j.server.handler.ContextHandler - Started i.d.j.MutableServletContextHandler@352c44a8{/,null,AVAILABLE}
2022-06-07 13:18:09.023 [main] INFO  io.dropwizard.setup.AdminEnvironment - tasks = 

    POST    /tasks/log-level (io.dropwizard.servlets.tasks.LogConfigurationTask)
    POST    /tasks/gc (io.dropwizard.servlets.tasks.GarbageCollectionTask)

2022-06-07 13:18:09.024 [main] INFO  o.e.j.server.handler.ContextHandler - Started i.d.j.MutableServletContextHandler@2eae4349{/,null,AVAILABLE}
2022-06-07 13:18:09.116 [main] INFO  o.e.jetty.server.AbstractConnector - Started application@7668d560{HTTP/1.1, (http/1.1)}{localhost:8989}
2022-06-07 13:18:09.139 [main] INFO  o.e.jetty.server.AbstractConnector - Started admin@46292372{HTTP/1.1, (http/1.1)}{localhost:8990}
2022-06-07 13:18:09.139 [main] INFO  org.eclipse.jetty.server.Server - Started @7302ms
2022-06-07 13:18:14.383 [dw-21 - GET /route?point=21.04623%2C105.791495&point=21.047937%2C105.793405&type=json&locale=vi-VN&key=&elevation=false&profile=car] INFO  c.g.resources.RouteResource - point=21.04623%2C105.791495&point=21.047937%2C105.793405&type=json&locale=vi-VN&key=&elevation=false&profile=car 127.0.0.1 vi_VN Mozilla/5.0 (Windows NT 10.0; Win64; x64) AppleWebKit/537.36 (KHTML, like Gecko) Chrome/102.0.0.0 Safari/537.36 [21.04623,105.791495, 21.047937,105.793405], took: 78.0ms, algo: , profile: car, weighting: , vehicle: , alternatives: 1, distance0: 933.9181054452328, weight0: 67.69388650654982, time0: 1min, points0: 7, debugInfo: idLookup:0.0146542s; simplify (25->25);, algoInit:8473 ?s, dijkstrabi|ch-routing:9 ms, path extraction: 1433 ?svisited nodes sum: 33
2022-06-07 13:37:28.116 [dw-33 - GET /route?point=21.047748127148434,105.78348395078123&point=21.045312400260414,105.79322685833331&type=json&locale=vi-VN&elevation=false&profile=foot&points_encoded=false] INFO  c.g.resources.RouteResource - point=21.047748127148434,105.78348395078123&point=21.045312400260414,105.79322685833331&type=json&locale=vi-VN&elevation=false&profile=foot&points_encoded=false 127.0.0.1 vi_VN Mozilla/5.0 (Windows NT 10.0; Win64; x64) AppleWebKit/537.36 (KHTML, like Gecko) Chrome/102.0.0.0 Safari/537.36 [21.047748127148434,105.78348395078123, 21.045312400260414,105.79322685833331], took: 38.0ms, algo: , profile: foot, weighting: , vehicle: , alternatives: 1, distance0: 1434.4042324672903, weight0: 1007.9533394803742, time0: 17min, points0: 28, debugInfo: idLookup:0.0124388s; simplify (44->44);, algoInit:1451 ?s, dijkstrabi|ch-routing:8 ms, path extraction: 315 ?svisited nodes sum: 104
2022-06-07 13:39:10.440 [dw-36 - GET /route?point=21.049846599544267,105.78292185996092&point=21.039204346679686,105.79412620364582&type=json&locale=vi-VN&elevation=false&profile=foot&points_encoded=false] INFO  c.g.resources.RouteResource - point=21.049846599544267,105.78292185996092&point=21.039204346679686,105.79412620364582&type=json&locale=vi-VN&elevation=false&profile=foot&points_encoded=false 127.0.0.1 vi_VN Mozilla/5.0 (Windows NT 10.0; Win64; x64) AppleWebKit/537.36 (KHTML, like Gecko) Chrome/102.0.0.0 Safari/537.36 [21.049846599544267,105.78292185996092, 21.039204346679686,105.79412620364582], took: 11.0ms, algo: , profile: foot, weighting: , vehicle: , alternatives: 1, distance0: 2347.812151989714, weight0: 1463.0784911938285, time0: 28min, points0: 52, debugInfo: idLookup:0.0013609s; simplify (71->71);, algoInit:219 ?s, dijkstrabi|ch-routing:5 ms, path extraction: 640 ?svisited nodes sum: 115
2022-06-07 13:39:56.160 [dw-17 - GET /route?point=21.04913461783854,105.78256586910807&point=21.039204346679686,105.79412620364582&type=json&locale=vi-VN&elevation=false&profile=foot&points_encoded=false] INFO  c.g.resources.RouteResource - point=21.04913461783854,105.78256586910807&point=21.039204346679686,105.79412620364582&type=json&locale=vi-VN&elevation=false&profile=foot&points_encoded=false 127.0.0.1 vi_VN Mozilla/5.0 (Windows NT 10.0; Win64; x64) AppleWebKit/537.36 (KHTML, like Gecko) Chrome/102.0.0.0 Safari/537.36 [21.04913461783854,105.78256586910807, 21.039204346679686,105.79412620364582], took: 6.0ms, algo: , profile: foot, weighting: , vehicle: , alternatives: 1, distance0: 2261.802804786866, weight0: 1531.7485828721194, time0: 27min, points0: 35, debugInfo: idLookup:5.06E-4s; simplify (64->64);, algoInit:116 ?s, dijkstrabi|ch-routing:1 ms, path extraction: 316 ?svisited nodes sum: 102
2022-06-07 13:44:15.454 [dw-21 - GET /route?point=21.053219144466144,105.78423340520831&point=21.039129401236977,105.78517022324218&type=json&locale=vi-VN&elevation=false&profile=foot&points_encoded=false] INFO  c.g.resources.RouteResource - point=21.053219144466144,105.78423340520831&point=21.039129401236977,105.78517022324218&type=json&locale=vi-VN&elevation=false&profile=foot&points_encoded=false 127.0.0.1 vi_VN Mozilla/5.0 (Windows NT 10.0; Win64; x64) AppleWebKit/537.36 (KHTML, like Gecko) Chrome/102.0.0.0 Safari/537.36 [21.053219144466144,105.78423340520831, 21.039129401236977,105.78517022324218], took: 16.0ms, algo: , profile: foot, weighting: , vehicle: , alternatives: 1, distance0: 2162.465411785847, weight0: 1352.3918470715087, time0: 26min, points0: 40, debugInfo: idLookup:0.0038454s; simplify (65->65);, algoInit:208 ?s, dijkstrabi|ch-routing:5 ms, path extraction: 711 ?svisited nodes sum: 85
2022-06-07 13:46:05.034 [dw-17 - GET /route?point=21.051105%2C105.789276&point=21.048061%2C105.793525&type=json&locale=vi-VN&key=&elevation=false&profile=car] INFO  c.g.resources.RouteResource - point=21.051105%2C105.789276&point=21.048061%2C105.793525&type=json&locale=vi-VN&key=&elevation=false&profile=car 127.0.0.1 vi_VN Mozilla/5.0 (Windows NT 10.0; Win64; x64) AppleWebKit/537.36 (KHTML, like Gecko) Chrome/102.0.0.0 Safari/537.36 [21.051105,105.789276, 21.048061,105.793525], took: 4.0ms, algo: , profile: car, weighting: , vehicle: , alternatives: 1, distance0: 911.8923475057852, weight0: 108.87811370069424, time0: 2min, points0: 21, debugInfo: idLookup:7.127E-4s; simplify (28->28);, algoInit:56 ?s, dijkstrabi|ch-routing:1 ms, path extraction: 339 ?svisited nodes sum: 60
2022-06-07 13:46:10.689 [dw-21 - GET /route?point=21.051105%2C105.789276&point=21.048061%2C105.793525&type=json&locale=vi-VN&key=&elevation=false&profile=foot] INFO  c.g.resources.RouteResource - point=21.051105%2C105.789276&point=21.048061%2C105.793525&type=json&locale=vi-VN&key=&elevation=false&profile=foot 127.0.0.1 vi_VN Mozilla/5.0 (Windows NT 10.0; Win64; x64) AppleWebKit/537.36 (KHTML, like Gecko) Chrome/102.0.0.0 Safari/537.36 [21.051105,105.789276, 21.048061,105.793525], took: 3.0ms, algo: , profile: foot, weighting: , vehicle: , alternatives: 1, distance0: 904.6203475057853, weight0: 559.5639085034712, time0: 11min, points0: 22, debugInfo: idLookup:5.707E-4s; simplify (28->28);, algoInit:28 ?s, dijkstrabi|ch-routing:1 ms, path extraction: 155 ?svisited nodes sum: 64
2022-06-07 13:46:19.137 [dw-17 - GET /route?point=21.051105%2C105.789276&point=21.048061%2C105.793525&type=json&locale=vi-VN&key=&elevation=false&profile=foot] INFO  c.g.resources.RouteResource - point=21.051105%2C105.789276&point=21.048061%2C105.793525&type=json&locale=vi-VN&key=&elevation=false&profile=foot 127.0.0.1 vi_VN Mozilla/5.0 (Windows NT 10.0; Win64; x64) AppleWebKit/537.36 (KHTML, like Gecko) Chrome/102.0.0.0 Safari/537.36 [21.051105,105.789276, 21.048061,105.793525], took: 4.0ms, algo: , profile: foot, weighting: , vehicle: , alternatives: 1, distance0: 904.6203475057853, weight0: 559.5639085034712, time0: 11min, points0: 22, debugInfo: idLookup:7.443E-4s; simplify (28->28);, algoInit:37 ?s, dijkstrabi|ch-routing:1 ms, path extraction: 261 ?svisited nodes sum: 64
2022-06-07 13:47:43.329 [dw-20 - GET /route?point=21.051105%2C105.789276&point=21.045262%2C105.792151&type=json&locale=vi-VN&key=&elevation=false&profile=foot] INFO  c.g.resources.RouteResource - point=21.051105%2C105.789276&point=21.045262%2C105.792151&type=json&locale=vi-VN&key=&elevation=false&profile=foot 127.0.0.1 vi_VN Mozilla/5.0 (Windows NT 10.0; Win64; x64) AppleWebKit/537.36 (KHTML, like Gecko) Chrome/102.0.0.0 Safari/537.36 [21.051105,105.789276, 21.045262,105.792151], took: 5.0ms, algo: , profile: foot, weighting: , vehicle: , alternatives: 1, distance0: 949.4444450097033, weight0: 716.0127670058218, time0: 11min, points0: 15, debugInfo: idLookup:5.306E-4s; simplify (29->29);, algoInit:43 ?s, dijkstrabi|ch-routing:2 ms, path extraction: 886 ?svisited nodes sum: 82
2022-06-07 13:49:15.332 [dw-19 - GET /route?point=21.051105%2C105.789276&point=21.045262%2C105.792151&type=json&locale=vi-VN&key=&elevation=false&profile=foot] INFO  c.g.resources.RouteResource - point=21.051105%2C105.789276&point=21.045262%2C105.792151&type=json&locale=vi-VN&key=&elevation=false&profile=foot 127.0.0.1 vi_VN Mozilla/5.0 (Windows NT 10.0; Win64; x64) AppleWebKit/537.36 (KHTML, like Gecko) Chrome/102.0.0.0 Safari/537.36 [21.051105,105.789276, 21.045262,105.792151], took: 2.0ms, algo: , profile: foot, weighting: , vehicle: , alternatives: 1, distance0: 949.4444450097033, weight0: 716.0127670058218, time0: 11min, points0: 15, debugInfo: idLookup:3.726E-4s; simplify (29->29);, algoInit:28 ?s, dijkstrabi|ch-routing:0 ms, path extraction: 93 ?svisited nodes sum: 82
2022-06-07 13:51:39.945 [dw-19 - GET /route?point=21.046136800130206,105.77700116998696&point=21.044300636783852,105.7930020220052&type=json&locale=vi-VN&elevation=false&profile=foot&points_encoded=false] INFO  c.g.resources.RouteResource - point=21.046136800130206,105.77700116998696&point=21.044300636783852,105.7930020220052&type=json&locale=vi-VN&elevation=false&profile=foot&points_encoded=false 127.0.0.1 vi_VN Mozilla/5.0 (Windows NT 10.0; Win64; x64) AppleWebKit/537.36 (KHTML, like Gecko) Chrome/102.0.0.0 Safari/537.36 [21.046136800130206,105.77700116998696, 21.044300636783852,105.7930020220052], took: 21.0ms, algo: , profile: foot, weighting: , vehicle: , alternatives: 1, distance0: 2525.072095499071, weight0: 1688.4218572994428, time0: 30min, points0: 53, debugInfo: idLookup:0.0037259s; simplify (74->74);, algoInit:168 ?s, dijkstrabi|ch-routing:3 ms, path extraction: 1116 ?svisited nodes sum: 123
2022-06-07 13:52:38.732 [dw-43 - GET /route?point=21.044675363997396,105.78213493281248&point=21.048759890625,105.80177063880207&type=json&locale=vi-VN&elevation=false&profile=foot&points_encoded=false] INFO  c.g.resources.RouteResource - point=21.044675363997396,105.78213493281248&point=21.048759890625,105.80177063880207&type=json&locale=vi-VN&elevation=false&profile=foot&points_encoded=false 127.0.0.1 vi_VN Mozilla/5.0 (Windows NT 10.0; Win64; x64) AppleWebKit/537.36 (KHTML, like Gecko) Chrome/102.0.0.0 Safari/537.36 [21.044675363997396,105.78213493281248, 21.048759890625,105.80177063880207], took: 7.0ms, algo: , profile: foot, weighting: , vehicle: , alternatives: 1, distance0: 3631.8078369048253, weight0: 2495.072542142895, time0: 44min, points0: 66, debugInfo: idLookup:9.694E-4s; simplify (102->102);, algoInit:192 ?s, dijkstrabi|ch-routing:1 ms, path extraction: 516 ?svisited nodes sum: 129
2022-06-07 13:55:11.296 [dw-39 - GET /route?point=21.048797363346353,105.78382120527343&point=21.044975145768227,105.79851051204426&type=json&locale=vi-VN&elevation=false&profile=foot&points_encoded=false] INFO  c.g.resources.RouteResource - point=21.048797363346353,105.78382120527343&point=21.044975145768227,105.79851051204426&type=json&locale=vi-VN&elevation=false&profile=foot&points_encoded=false 127.0.0.1 vi_VN Mozilla/5.0 (Windows NT 10.0; Win64; x64) AppleWebKit/537.36 (KHTML, like Gecko) Chrome/102.0.0.0 Safari/537.36 [21.048797363346353,105.78382120527343, 21.044975145768227,105.79851051204426], took: 2.0ms, algo: , profile: foot, weighting: , vehicle: , alternatives: 1, distance0: 2337.0095465844292, weight0: 1527.5028279506573, time0: 28min, points0: 47, debugInfo: idLookup:5.375E-4s; simplify (66->66);, algoInit:172 ?s, dijkstrabi|ch-routing:0 ms, path extraction: 139 ?svisited nodes sum: 118
2022-06-07 13:57:32.081 [JettyShutdownThread] INFO  o.e.jetty.server.AbstractConnector - Stopped application@7668d560{HTTP/1.1, (http/1.1)}{localhost:8989}
2022-06-07 13:57:32.090 [JettyShutdownThread] INFO  o.e.jetty.server.AbstractConnector - Stopped admin@46292372{HTTP/1.1, (http/1.1)}{localhost:8990}
2022-06-07 13:57:32.104 [JettyShutdownThread] INFO  o.e.j.server.handler.ContextHandler - Stopped i.d.j.MutableServletContextHandler@2eae4349{/,null,STOPPED}
2022-06-07 13:57:32.164 [JettyShutdownThread] INFO  o.e.j.server.handler.ContextHandler - Stopped i.d.j.MutableServletContextHandler@352c44a8{/,null,STOPPED}
2022-06-07 14:33:19.364 [main] INFO  org.eclipse.jetty.util.log - Logging initialized @1741ms to org.eclipse.jetty.util.log.Slf4jLog
2022-06-07 14:33:19.462 [main] INFO  i.d.server.DefaultServerFactory - Registering jersey handler with root path prefix: /
2022-06-07 14:33:19.464 [main] INFO  i.d.server.DefaultServerFactory - Registering admin handler with root path prefix: /
2022-06-07 14:33:20.329 [main] INFO  io.dropwizard.assets.AssetsBundle - Registering AssetBundle with name: assets for path /maps/*
2022-06-07 14:33:20.331 [main] INFO  io.dropwizard.assets.AssetsBundle - Registering AssetBundle with name: webjars for path /webjars/*
2022-06-07 14:33:20.338 [main] INFO  io.dropwizard.server.ServerFactory - Starting GraphHopperApplication
                        _     _
   __ _ _ __ __ _ _ __ | |__ | |__   ___  _ __  _ __   ___ _ __
  / _` | '__/ _` | '_ \| '_ \| '_ \ / _ \| '_ \| '_ \ / _ \ '__|
 | (_| | | | (_| | |_) | | | | | | | (_) | |_) | |_) |  __/ |
  \__, |_|  \__,_| .__/|_| |_|_| |_|\___/| .__/| .__/ \___|_|
  |___/          |_|                     |_|   |_|
2022-06-07 14:33:20.466 [main] INFO  o.e.jetty.setuid.SetUIDListener - Opened application@7668d560{HTTP/1.1, (http/1.1)}{localhost:8989}
2022-06-07 14:33:20.466 [main] INFO  o.e.jetty.setuid.SetUIDListener - Opened admin@46292372{HTTP/1.1, (http/1.1)}{localhost:8990}
2022-06-07 14:33:20.470 [main] INFO  org.eclipse.jetty.server.Server - jetty-9.4.39.v20210325; built: 2021-03-25T14:42:11.471Z; git: 9fc7ca5a922f2a37b84ec9dbc26a5168cee7e667; jvm 1.8.0_301-b09
2022-06-07 14:33:20.670 [main] INFO  c.g.routing.ch.CHPreparationHandler - There are no CHs to prepare
2022-06-07 14:33:20.676 [main] INFO  com.graphhopper.GraphHopper - version 5.1|2022-04-20T21:21:15Z (9,21,6,5,6,8)
2022-06-07 14:33:20.688 [main] INFO  com.graphhopper.GraphHopper - graph motorcycle,car,foot,bike|RAM_STORE|2D|no_turn_cost|nodes:9,edges:21,geometry:6,location_index:5,string_index:6,nodesCH:0,shortcuts:8, details:edges: 10 330(1MB), nodes: 7 867(1MB), bounds: 105.7596513,105.8172094,21.0105679,21.0833545, name:(2MB), geo:11 728(1MB)
2022-06-07 14:33:20.689 [main] INFO  c.g.http.GraphHopperManaged - loaded graph at:graph-cache, data_reader_file:graphhopper/map1.osm, encoded values:foot_subnetwork|version=915486150|bits=1|min_value=0|negate_reverse_directionfalse|index=0|shift=0|store_both_directions=false,bike_subnetwork|version=-853780105|bits=1|min_value=0|negate_reverse_directionfalse|index=0|shift=1|store_both_directions=false,motorcycle_subnetwork|version=-2024953916|bits=1|min_value=0|negate_reverse_directionfalse|index=0|shift=2|store_both_directions=false,car_subnetwork|version=-348203358|bits=1|min_value=0|negate_reverse_directionfalse|index=0|shift=3|store_both_directions=false,roundabout|version=-959447373|bits=1|min_value=0|negate_reverse_directionfalse|index=0|shift=4|store_both_directions=false,road_class|version=986054785|bits=5|min_value=0|negate_reverse_directionfalse|index=0|shift=5|store_both_directions=false,road_class_link|version=53244476|bits=1|min_value=0|negate_reverse_directionfalse|index=0|shift=10|store_both_directions=false,road_environment|version=-2136806891|bits=3|min_value=0|negate_reverse_directionfalse|index=0|shift=11|store_both_directions=false,max_speed|version=-497245907|bits=5|min_value=0|negate_reverse_directionfalse|index=0|shift=14|store_both_directions=true,road_access|version=-705885881|bits=4|min_value=0|negate_reverse_directionfalse|index=0|shift=24|store_both_directions=false,foot_network|version=621415439|bits=3|min_value=0|negate_reverse_directionfalse|index=0|shift=28|store_both_directions=false,bike_network|version=596370764|bits=3|min_value=0|negate_reverse_directionfalse|index=1|shift=0|store_both_directions=false,get_off_bike|version=-1094139710|bits=1|min_value=0|negate_reverse_directionfalse|index=1|shift=3|store_both_directions=false,smoothness|version=-1631923961|bits=4|min_value=0|negate_reverse_directionfalse|index=1|shift=4|store_both_directions=false, 3 ints for edge flags, edges: 10 330(1MB), nodes: 7 867(1MB), bounds: 105.7596513,105.8172094,21.0105679,21.0833545, name:(2MB), geo:11 728(1MB)
2022-06-07 14:33:21.243 [main] WARN  o.g.jersey.internal.inject.Providers - A provider com.codahale.metrics.health.HealthCheckRegistry registered in SERVER runtime does not implement any provider interfaces applicable in the SERVER runtime. Due to constraint configuration problems the provider com.codahale.metrics.health.HealthCheckRegistry will be ignored. 
2022-06-07 14:33:21.461 [main] INFO  i.d.jersey.DropwizardResourceConfig - The following paths were found for the configured resources:

    GET     / (com.graphhopper.application.resources.RootResource)
    GET     /health (com.graphhopper.resources.HealthCheckResource)
    GET     /i18n (com.graphhopper.resources.I18NResource)
    GET     /i18n/{locale} (com.graphhopper.resources.I18NResource)
    GET     /info (com.graphhopper.resources.InfoResource)
    GET     /isochrone (com.graphhopper.resources.IsochroneResource)
    POST    /match (com.graphhopper.resources.MapMatchingResource)
    GET     /mvt/{z}/{x}/{y}.mvt (com.graphhopper.resources.MVTResource)
    GET     /navigate/directions/v5/gh/{profile}/{coordinatesArray : .+} (com.graphhopper.navigation.NavigateResource)
    GET     /nearest (com.graphhopper.resources.NearestResource)
    GET     /route (com.graphhopper.resources.RouteResource)
    POST    /route (com.graphhopper.resources.RouteResource)
    GET     /spt (com.graphhopper.resources.SPTResource)

2022-06-07 14:33:21.464 [main] INFO  o.e.j.server.handler.ContextHandler - Started i.d.j.MutableServletContextHandler@55e2fe3c{/,null,AVAILABLE}
2022-06-07 14:33:21.469 [main] INFO  io.dropwizard.setup.AdminEnvironment - tasks = 

    POST    /tasks/log-level (io.dropwizard.servlets.tasks.LogConfigurationTask)
    POST    /tasks/gc (io.dropwizard.servlets.tasks.GarbageCollectionTask)

2022-06-07 14:33:21.470 [main] INFO  o.e.j.server.handler.ContextHandler - Started i.d.j.MutableServletContextHandler@c35af2a{/,null,AVAILABLE}
2022-06-07 14:33:21.494 [main] INFO  o.e.jetty.server.AbstractConnector - Started application@7668d560{HTTP/1.1, (http/1.1)}{localhost:8989}
2022-06-07 14:33:21.515 [main] INFO  o.e.jetty.server.AbstractConnector - Started admin@46292372{HTTP/1.1, (http/1.1)}{localhost:8990}
2022-06-07 14:33:21.515 [main] INFO  org.eclipse.jetty.server.Server - Started @3894ms
2022-06-07 14:33:31.547 [dw-21 - GET /route?point=21.049078408756507,105.77486522486977&point=21.044619154915363,105.79491313079426&type=json&locale=vi-VN&elevation=false&profile=foot&points_encoded=false] INFO  c.g.resources.RouteResource - point=21.049078408756507,105.77486522486977&point=21.044619154915363,105.79491313079426&type=json&locale=vi-VN&elevation=false&profile=foot&points_encoded=false 127.0.0.1 vi_VN Mozilla/5.0 (Windows NT 10.0; Win64; x64) AppleWebKit/537.36 (KHTML, like Gecko) Chrome/102.0.0.0 Safari/537.36 [21.049078408756507,105.77486522486977, 21.044619154915363,105.79491313079426], took: 106.0ms, algo: , profile: foot, weighting: , vehicle: , alternatives: 1, distance0: 3766.102701580379, weight0: 2460.8796209482266, time0: 45min, points0: 74, debugInfo: idLookup:0.0243112s; simplify (97->97);, algoInit:7020 ?s, dijkstrabi|ch-routing:17 ms, path extraction: 2863 ?svisited nodes sum: 152
2022-06-07 14:36:55.898 [dw-32 - GET /route?point=21.04391699098922,105.78586532203721&point=21.049272543878544,105.80004344363368&type=json&locale=vi-VN&elevation=false&profile=foot&points_encoded=false] INFO  c.g.resources.RouteResource - point=21.04391699098922,105.78586532203721&point=21.049272543878544,105.80004344363368&type=json&locale=vi-VN&elevation=false&profile=foot&points_encoded=false 127.0.0.1 vi_VN Mozilla/5.0 (Windows NT 10.0; Win64; x64) AppleWebKit/537.36 (KHTML, like Gecko) Chrome/102.0.0.0 Safari/537.36 [21.04391699098922,105.78586532203721, 21.049272543878544,105.80004344363368], took: 8.0ms, algo: , profile: foot, weighting: , vehicle: , alternatives: 1, distance0: 2034.562751875466, weight0: 1393.4971079903626, time0: 24min, points0: 37, debugInfo: idLookup:0.0030018s; simplify (50->50);, algoInit:50 ?s, dijkstrabi|ch-routing:2 ms, path extraction: 200 ?svisited nodes sum: 108
2022-06-07 14:37:35.307 [JettyShutdownThread] INFO  o.e.jetty.server.AbstractConnector - Stopped application@7668d560{HTTP/1.1, (http/1.1)}{localhost:8989}
2022-06-07 14:37:35.312 [JettyShutdownThread] INFO  o.e.jetty.server.AbstractConnector - Stopped admin@46292372{HTTP/1.1, (http/1.1)}{localhost:8990}
2022-06-07 14:37:35.315 [JettyShutdownThread] INFO  o.e.j.server.handler.ContextHandler - Stopped i.d.j.MutableServletContextHandler@c35af2a{/,null,STOPPED}
2022-06-07 14:37:35.329 [JettyShutdownThread] INFO  o.e.j.server.handler.ContextHandler - Stopped i.d.j.MutableServletContextHandler@55e2fe3c{/,null,STOPPED}
