2022-06-07 13:17:02.347 [main] INFO  org.eclipse.jetty.util.log - Logging initialized @2043ms to org.eclipse.jetty.util.log.Slf4jLog
2022-06-07 13:17:02.461 [main] INFO  i.d.server.DefaultServerFactory - Registering jersey handler with root path prefix: /
2022-06-07 13:17:02.462 [main] INFO  i.d.server.DefaultServerFactory - Registering admin handler with root path prefix: /
2022-06-07 13:17:03.389 [main] INFO  io.dropwizard.assets.AssetsBundle - Registering AssetBundle with name: assets for path /maps/*
2022-06-07 13:17:03.391 [main] INFO  io.dropwizard.assets.AssetsBundle - Registering AssetBundle with name: webjars for path /webjars/*
2022-06-07 13:17:03.400 [main] INFO  io.dropwizard.server.ServerFactory - Starting GraphHopperApplication
                        _     _
   __ _ _ __ __ _ _ __ | |__ | |__   ___  _ __  _ __   ___ _ __
  / _` | '__/ _` | '_ \| '_ \| '_ \ / _ \| '_ \| '_ \ / _ \ '__|
 | (_| | | | (_| | |_) | | | | | | | (_) | |_) | |_) |  __/ |
  \__, |_|  \__,_| .__/|_| |_|_| |_|\___/| .__/| .__/ \___|_|
  |___/          |_|                     |_|   |_|
2022-06-07 13:17:03.534 [main] INFO  o.e.jetty.setuid.SetUIDListener - Opened application@7668d560{HTTP/1.1, (http/1.1)}{localhost:8989}
2022-06-07 13:17:03.534 [main] INFO  o.e.jetty.setuid.SetUIDListener - Opened admin@46292372{HTTP/1.1, (http/1.1)}{localhost:8990}
2022-06-07 13:17:03.538 [main] INFO  org.eclipse.jetty.server.Server - jetty-9.4.39.v20210325; built: 2021-03-25T14:42:11.471Z; git: 9fc7ca5a922f2a37b84ec9dbc26a5168cee7e667; jvm 1.8.0_301-b09
2022-06-07 13:17:03.583 [main] ERROR io.dropwizard.cli.ServerCommand - Unable to start server, shutting down
java.lang.IllegalStateException: Encoding does not match:
Graphhopper config: motorcycle|speed_factor=5.0|speed_bits=5|turn_costs=false,car|speed_factor=5.0|speed_bits=5|turn_costs=false,foot|speed_factor=1.0|speed_bits=4|turn_costs=false,bike|speed_factor=2.0|speed_bits=4|turn_costs=false
Graph: car|speed_factor=5.0|speed_bits=5|turn_costs=false,foot|speed_factor=1.0|speed_bits=4|turn_costs=false,bike|speed_factor=2.0|speed_bits=4|turn_costs=false
Change configuration to match the graph or delete graph-cache/
	at com.graphhopper.storage.GraphHopperStorage.loadExisting(GraphHopperStorage.java:144)
	at com.graphhopper.GraphHopper.load(GraphHopper.java:790)
	at com.graphhopper.GraphHopper.importOrLoad(GraphHopper.java:613)
	at com.graphhopper.http.GraphHopperManaged.start(GraphHopperManaged.java:103)
	at io.dropwizard.lifecycle.JettyManaged.doStart(JettyManaged.java:27)
	at org.eclipse.jetty.util.component.AbstractLifeCycle.start(AbstractLifeCycle.java:73)
	at org.eclipse.jetty.util.component.ContainerLifeCycle.start(ContainerLifeCycle.java:169)
	at org.eclipse.jetty.server.Server.start(Server.java:423)
	at org.eclipse.jetty.util.component.ContainerLifeCycle.doStart(ContainerLifeCycle.java:117)
	at org.eclipse.jetty.server.handler.AbstractHandler.doStart(AbstractHandler.java:97)
	at org.eclipse.jetty.server.Server.doStart(Server.java:387)
	at org.eclipse.jetty.util.component.AbstractLifeCycle.start(AbstractLifeCycle.java:73)
	at io.dropwizard.cli.ServerCommand.run(ServerCommand.java:53)
	at io.dropwizard.cli.EnvironmentCommand.run(EnvironmentCommand.java:60)
	at io.dropwizard.cli.ConfiguredCommand.run(ConfiguredCommand.java:98)
	at io.dropwizard.cli.Cli.run(Cli.java:78)
	at io.dropwizard.Application.run(Application.java:94)
	at com.graphhopper.application.GraphHopperApplication.main(GraphHopperApplication.java:38)
